Running: C:\Xilinx\14.7\ISE_DS\ISE\bin\nt\unwrapped\fuse.exe -intstyle ise -incremental -lib uni9000_ver -lib aim_ver -lib cpld_ver -lib xilinxcorelib_ver -o Z:/OneDrive/Documentos/GitHub/ZX81KBD-PLUS/ZX81KBD-PLUS/zx81kbdtb_isim_beh.exe -prj Z:/OneDrive/Documentos/GitHub/ZX81KBD-PLUS/ZX81KBD-PLUS/zx81kbdtb_beh.prj work.zx81kbdtb work.glbl 
ISim P.20131013 (signature 0x8ef4fb42)
Number of CPUs detected in this system: 4
Turning on mult-threading, number of parallel sub-compilation jobs: 8 
Determining compilation order of HDL files
Analyzing Verilog file "Z:/OneDrive/Documentos/GitHub/ZX81KBD-PLUS/ZX81KBD-PLUS/zx81kbd-plus.v" into library work
Analyzing Verilog file "Z:/OneDrive/Documentos/GitHub/ZX81KBD-PLUS/ZX81KBD-PLUS/zx81kbdtb.v" into library work
Analyzing Verilog file "C:/Xilinx/14.7/ISE_DS/ISE//verilog/src/glbl.v" into library work
Starting static elaboration
Completed static elaboration
Fuse Memory Usage: 106628 KB
Fuse CPU Usage: 749 ms
Compiling module zx81kbdplus
Compiling module zx81kbdtb
Compiling module glbl
Time Resolution for simulation is 1ps.
Waiting for 1 sub-compilation(s) to finish...
Compiled 3 Verilog Units
Built simulation executable Z:/OneDrive/Documentos/GitHub/ZX81KBD-PLUS/ZX81KBD-PLUS/zx81kbdtb_isim_beh.exe
Fuse Memory Usage: 111220 KB
Fuse CPU Usage: 1078 ms
